0 info it worked if it ends with ok
1 verbose cli [ '/usr/local/bin/node', '/usr/local/bin/npm', 'start' ]
2 info using npm@3.10.9
3 info using node@v6.9.2
4 verbose run-script [ 'prestart', 'start', 'poststart' ]
5 info lifecycle botkit-studio-starter@0.0.1~prestart: botkit-studio-starter@0.0.1
6 silly lifecycle botkit-studio-starter@0.0.1~prestart: no script for prestart, continuing
7 info lifecycle botkit-studio-starter@0.0.1~start: botkit-studio-starter@0.0.1
8 verbose lifecycle botkit-studio-starter@0.0.1~start: unsafe-perm in lifecycle true
9 verbose lifecycle botkit-studio-starter@0.0.1~start: PATH: /usr/local/lib/node_modules/npm/bin/node-gyp-bin:/Users/sonlethanh/Dev/Bot/botkit-starter-facebook/node_modules/.bin:/usr/local/bin:/usr/bin:/bin:/usr/sbin:/sbin:/Users/sonlethanh:/Users/sonlethanh/Dev/apache-maven-3.3.9/bin:/usr/local/mysql/bin:/Users/sonlethanh/Dev/mongodb/bin:/Users/sonlethanh/Library/Android/sdk/platform-tools:/Users/sonlethanh/Library/Android/sdk/tools:/Users/sonlethanh/Dev/gradle-2.14/bin:/Users/sonlethanh/Dev/apache-ant-1.9.7/bin:/Users/sonlethanh/Dev/google-cloud-sdk/bin:/usr/local/cuda/bin:/Users/sonlethanh/Dev/ngrok.sh
10 verbose lifecycle botkit-studio-starter@0.0.1~start: CWD: /Users/sonlethanh/Dev/Bot/botkit-starter-facebook
11 silly lifecycle botkit-studio-starter@0.0.1~start: Args: [ '-c', 'node bot.js' ]
12 silly lifecycle botkit-studio-starter@0.0.1~start: Returned: code: 1  signal: null
13 info lifecycle botkit-studio-starter@0.0.1~start: Failed to exec start script
14 verbose stack Error: botkit-studio-starter@0.0.1 start: `node bot.js`
14 verbose stack Exit status 1
14 verbose stack     at EventEmitter.<anonymous> (/usr/local/lib/node_modules/npm/lib/utils/lifecycle.js:255:16)
14 verbose stack     at emitTwo (events.js:106:13)
14 verbose stack     at EventEmitter.emit (events.js:191:7)
14 verbose stack     at ChildProcess.<anonymous> (/usr/local/lib/node_modules/npm/lib/utils/spawn.js:40:14)
14 verbose stack     at emitTwo (events.js:106:13)
14 verbose stack     at ChildProcess.emit (events.js:191:7)
14 verbose stack     at maybeClose (internal/child_process.js:877:16)
14 verbose stack     at Process.ChildProcess._handle.onexit (internal/child_process.js:226:5)
15 verbose pkgid botkit-studio-starter@0.0.1
16 verbose cwd /Users/sonlethanh/Dev/Bot/botkit-starter-facebook
17 error Darwin 16.1.0
18 error argv "/usr/local/bin/node" "/usr/local/bin/npm" "start"
19 error node v6.9.2
20 error npm  v3.10.9
21 error code ELIFECYCLE
22 error botkit-studio-starter@0.0.1 start: `node bot.js`
22 error Exit status 1
23 error Failed at the botkit-studio-starter@0.0.1 start script 'node bot.js'.
23 error Make sure you have the latest version of node.js and npm installed.
23 error If you do, this is most likely a problem with the botkit-studio-starter package,
23 error not with npm itself.
23 error Tell the author that this fails on your system:
23 error     node bot.js
23 error You can get information on how to open an issue for this project with:
23 error     npm bugs botkit-studio-starter
23 error Or if that isn't available, you can get their info via:
23 error     npm owner ls botkit-studio-starter
23 error There is likely additional logging output above.
24 verbose exit [ 1, true ]
